ViewPagerIndicator_sample/build/outputs/logs/manifest-merger-debug-report.txt
-- Merging decision tree log ---
manifest
ADDED from src\main\AndroidManifest.xml:2:1-292:12
INJECTED from src\main\AndroidManifest.xml:2:1-292:12
MERGED from [:library] AndroidManifest.xml:2:1-9:12
MERGED from [com.android.support:support-v4:28.0.0] AndroidManifest.xml:17:1-22:12
MERGED from [com.android.support:support-media-compat:28.0.0] AndroidManifest.xml:17:1-22:12
MERGED from [com.android.support:support-fragment:28.0.0] AndroidManifest.xml:17:1-22:12
MERGED from [com.android.support:support-core-ui:28.0.0] AndroidManifest.xml:17:1-22:12
MERGED from [com.android.support:support-core-utils:28.0.0] AndroidManifest.xml:17:1-22:12
MERGED from [com.android.support:loader:28.0.0] AndroidManifest.xml:17:1-22:12
MERGED from [com.android.support:viewpager:28.0.0] AndroidManifest.xml:17:1-22:12
MERGED from [com.android.support:coordinatorlayout:28.0.0] AndroidManifest.xml:17:1-22:12
MERGED from [com.android.support:drawerlayout:28.0.0] AndroidManifest.xml:17:1-22:12
MERGED from [com.android.support:slidingpanelayout:28.0.0] AndroidManifest.xml:17:1-22:12
MERGED from [com.android.support:customview:28.0.0] AndroidManifest.xml:17:1-22:12
MERGED from [com.android.support:swiperefreshlayout:28.0.0] AndroidManifest.xml:17:1-22:12
MERGED from [com.android.support:asynclayoutinflater:28.0.0] AndroidManifest.xml:17:1-22:12
MERGED from [com.android.support:support-compat:28.0.0] AndroidManifest.xml:17:1-24:12
MERGED from [com.android.support:versionedparcelable:28.0.0] AndroidManifest.xml:17:1-25:12
MERGED from [android.arch.lifecycle:runtime:1.1.1] AndroidManifest.xml:17:1-22:12
MERGED from [com.android.support:documentfile:28.0.0] AndroidManifest.xml:17:1-22:12
MERGED from [com.android.support:localbroadcastmanager:28.0.0] AndroidManifest.xml:17:1-22:12
MERGED from [com.android.support:print:28.0.0] AndroidManifest.xml:17:1-22:12
MERGED from [com.android.support:interpolator:28.0.0] AndroidManifest.xml:17:1-22:12
MERGED from [com.android.support:cursoradapter:28.0.0] AndroidManifest.xml:17:1-22:12
MERGED from [android.arch.lifecycle:viewmodel:1.1.1] AndroidManifest.xml:17:1-22:12
MERGED from [android.arch.lifecycle:livedata:1.1.1] AndroidManifest.xml:17:1-22:12
MERGED from [android.arch.lifecycle:livedata-core:1.1.1] AndroidManifest.xml:17:1-22:12
MERGED from [android.arch.core:runtime:1.1.1] AndroidManifest.xml:17:1-22:12
INJECTED from src\main\AndroidManifest.xml:2:1-292:12
	package
		ADDED from src\main\AndroidManifest.xml:3:5-44
		INJECTED from src\main\AndroidManifest.xml
		INJECTED from src\main\AndroidManifest.xml
	xmlns:android
		ADDED from src\main\AndroidManifest.xml:2:11-69
application
ADDED from src\main\AndroidManifest.xml:5:5-291:19
MERGED from [com.android.support:support-compat:28.0.0] AndroidManifest.xml:22:5-94
MERGED from [com.android.support:support-compat:28.0.0] AndroidManifest.xml:22:5-94
MERGED from [com.android.support:versionedparcelable:28.0.0] AndroidManifest.xml:22:5-23:19
MERGED from [com.android.support:versionedparcelable:28.0.0] AndroidManifest.xml:22:5-23:19
	android:appComponentFactory
		ADDED from [com.android.support:support-compat:28.0.0] AndroidManifest.xml:22:18-91
	android:label
		ADDED from src\main\AndroidManifest.xml:6:9-50
	android:icon
		ADDED from src\main\AndroidManifest.xml:7:9-38
activity#com.viewpagerindicator.sample.ListSamples
ADDED from src\main\AndroidManifest.xml:9:9-17:20
	android:label
		ADDED from src\main\AndroidManifest.xml:11:13-48
	android:name
		ADDED from src\main\AndroidManifest.xml:10:13-40
intent-filter#action:name:android.intent.action.MAIN+category:name:android.intent.category.LAUNCHER
ADDED from src\main\AndroidManifest.xml:13:13-16:29
action#android.intent.action.MAIN
ADDED from src\main\AndroidManifest.xml:14:17-69
	android:name
		ADDED from src\main\AndroidManifest.xml:14:25-66
category#android.intent.category.LAUNCHER
ADDED from src\main\AndroidManifest.xml:15:17-77
	android:name
		ADDED from src\main\AndroidManifest.xml:15:27-74
activity#com.viewpagerindicator.sample.SampleCirclesDefault
ADDED from src\main\AndroidManifest.xml:22:9-29:20
	android:label
		ADDED from src\main\AndroidManifest.xml:24:13-44
	android:name
		ADDED from src\main\AndroidManifest.xml:23:13-49
intent-filter#action:name:android.intent.action.MAIN+category:name:com.jakewharton.android.viewpagerindicator.sample.SAMPLE
ADDED from src\main\AndroidManifest.xml:25:13-28:29
category#com.jakewharton.android.viewpagerindicator.sample.SAMPLE
ADDED from src\main\AndroidManifest.xml:27:17-101
	android:name
		ADDED from src\main\AndroidManifest.xml:27:27-98
activity#com.viewpagerindicator.sample.SampleCirclesInitialPage
ADDED from src\main\AndroidManifest.xml:30:9-37:20
	android:label
		ADDED from src\main\AndroidManifest.xml:32:13-49
	android:name
		ADDED from src\main\AndroidManifest.xml:31:13-53
activity#com.viewpagerindicator.sample.SampleCirclesSnap
ADDED from src\main\AndroidManifest.xml:38:9-45:20
	android:label
		ADDED from src\main\AndroidManifest.xml:40:13-41
	android:name
		ADDED from src\main\AndroidManifest.xml:39:13-46
activity#com.viewpagerindicator.sample.SampleCirclesStyledLayout
ADDED from src\main\AndroidManifest.xml:46:9-54:20
	android:label
		ADDED from src\main\AndroidManifest.xml:48:13-56
	android:theme
		ADDED from src\main\AndroidManifest.xml:49:13-55
	android:name
		ADDED from src\main\AndroidManifest.xml:47:13-54
activity#com.viewpagerindicator.sample.SampleCirclesStyledMethods
ADDED from src\main\AndroidManifest.xml:55:9-63:20
	android:label
		ADDED from src\main\AndroidManifest.xml:57:13-57
	android:theme
		ADDED from src\main\AndroidManifest.xml:58:13-55
	android:name
		ADDED from src\main\AndroidManifest.xml:56:13-55
activity#com.viewpagerindicator.sample.SampleCirclesStyledTheme
ADDED from src\main\AndroidManifest.xml:64:9-72:20
	android:label
		ADDED from src\main\AndroidManifest.xml:66:13-55
	android:theme
		ADDED from src\main\AndroidManifest.xml:67:13-52
	android:name
		ADDED from src\main\AndroidManifest.xml:65:13-53
activity#com.viewpagerindicator.sample.SampleCirclesWithListener
ADDED from src\main\AndroidManifest.xml:73:9-80:20
	android:label
		ADDED from src\main\AndroidManifest.xml:75:13-50
	android:name
		ADDED from src\main\AndroidManifest.xml:74:13-54
activity#com.viewpagerindicator.sample.SampleIconsDefault
ADDED from src\main\AndroidManifest.xml:85:9-92:20
	android:label
		ADDED from src\main\AndroidManifest.xml:87:13-42
	android:name
		ADDED from src\main\AndroidManifest.xml:86:13-47
activity#com.viewpagerindicator.sample.SampleLinesDefault
ADDED from src\main\AndroidManifest.xml:98:9-105:20
	android:label
		ADDED from src\main\AndroidManifest.xml:100:17-46
	android:name
		ADDED from src\main\AndroidManifest.xml:99:17-51
activity#com.viewpagerindicator.sample.SampleLinesStyledLayout
ADDED from src\main\AndroidManifest.xml:106:9-114:20
	android:label
		ADDED from src\main\AndroidManifest.xml:108:17-58
	android:theme
		ADDED from src\main\AndroidManifest.xml:109:17-59
	android:name
		ADDED from src\main\AndroidManifest.xml:107:17-56
activity#com.viewpagerindicator.sample.SampleLinesStyledMethods
ADDED from src\main\AndroidManifest.xml:115:9-123:20
	android:label
		ADDED from src\main\AndroidManifest.xml:117:17-59
	android:theme
		ADDED from src\main\AndroidManifest.xml:118:17-59
	android:name
		ADDED from src\main\AndroidManifest.xml:116:17-57
activity#com.viewpagerindicator.sample.SampleLinesStyledTheme
ADDED from src\main\AndroidManifest.xml:124:9-132:20
	android:label
		ADDED from src\main\AndroidManifest.xml:126:17-57
	android:theme
		ADDED from src\main\AndroidManifest.xml:127:17-56
	android:name
		ADDED from src\main\AndroidManifest.xml:125:17-55
activity#com.viewpagerindicator.sample.SampleTitlesBottom
ADDED from src\main\AndroidManifest.xml:137:9-144:20
	android:label
		ADDED from src\main\AndroidManifest.xml:139:13-52
	android:name
		ADDED from src\main\AndroidManifest.xml:138:13-47
activity#com.viewpagerindicator.sample.SampleTitlesCenterClickListener
ADDED from src\main\AndroidManifest.xml:145:9-152:20
	android:label
		ADDED from src\main\AndroidManifest.xml:147:13-57
	android:name
		ADDED from src\main\AndroidManifest.xml:146:13-60
activity#com.viewpagerindicator.sample.SampleTitlesDefault
ADDED from src\main\AndroidManifest.xml:153:9-160:20
	android:label
		ADDED from src\main\AndroidManifest.xml:155:13-43
	android:name
		ADDED from src\main\AndroidManifest.xml:154:13-48
activity#com.viewpagerindicator.sample.SampleTitlesInitialPage
ADDED from src\main\AndroidManifest.xml:161:9-168:20
	android:label
		ADDED from src\main\AndroidManifest.xml:163:13-48
	android:name
		ADDED from src\main\AndroidManifest.xml:162:13-52
activity#com.viewpagerindicator.sample.SampleTitlesStyledLayout
ADDED from src\main\AndroidManifest.xml:169:9-177:20
	android:label
		ADDED from src\main\AndroidManifest.xml:171:13-55
	android:theme
		ADDED from src\main\AndroidManifest.xml:172:13-55
	android:name
		ADDED from src\main\AndroidManifest.xml:170:13-53
activity#com.viewpagerindicator.sample.SampleTitlesStyledMethods
ADDED from src\main\AndroidManifest.xml:178:9-186:20
	android:label
		ADDED from src\main\AndroidManifest.xml:180:13-56
	android:theme
		ADDED from src\main\AndroidManifest.xml:181:13-55
	android:name
		ADDED from src\main\AndroidManifest.xml:179:13-54
activity#com.viewpagerindicator.sample.SampleTitlesStyledTheme
ADDED from src\main\AndroidManifest.xml:187:9-195:20
	android:label
		ADDED from src\main\AndroidManifest.xml:189:13-54
	android:theme
		ADDED from src\main\AndroidManifest.xml:190:13-52
	android:name
		ADDED from src\main\AndroidManifest.xml:188:13-52
activity#com.viewpagerindicator.sample.SampleTitlesTriangle
ADDED from src\main\AndroidManifest.xml:196:9-203:20
	android:label
		ADDED from src\main\AndroidManifest.xml:198:13-50
	android:name
		ADDED from src\main\AndroidManifest.xml:197:13-49
activity#com.viewpagerindicator.sample.SampleTitlesWithListener
ADDED from src\main\AndroidManifest.xml:204:9-211:20
	android:label
		ADDED from src\main\AndroidManifest.xml:206:13-49
	android:name
		ADDED from src\main\AndroidManifest.xml:205:13-53
activity#com.viewpagerindicator.sample.SampleTabsDefault
ADDED from src\main\AndroidManifest.xml:216:9-224:20
	android:label
		ADDED from src\main\AndroidManifest.xml:218:13-41
	android:theme
		ADDED from src\main\AndroidManifest.xml:219:13-63
	android:name
		ADDED from src\main\AndroidManifest.xml:217:13-46
activity#com.viewpagerindicator.sample.SampleTabsStyled
ADDED from src\main\AndroidManifest.xml:225:9-233:20
	android:label
		ADDED from src\main\AndroidManifest.xml:227:13-40
	android:theme
		ADDED from src\main\AndroidManifest.xml:228:13-52
	android:name
		ADDED from src\main\AndroidManifest.xml:226:13-45
activity#com.viewpagerindicator.sample.SampleTabsWithIcons
ADDED from src\main\AndroidManifest.xml:234:7-242:18
	android:label
		ADDED from src\main\AndroidManifest.xml:236:11-42
	android:theme
		ADDED from src\main\AndroidManifest.xml:237:11-50
	android:name
		ADDED from src\main\AndroidManifest.xml:235:11-46
activity#com.viewpagerindicator.sample.SampleUnderlinesDefault
ADDED from src\main\AndroidManifest.xml:247:9-254:20
	android:label
		ADDED from src\main\AndroidManifest.xml:249:17-51
	android:name
		ADDED from src\main\AndroidManifest.xml:248:17-56
activity#com.viewpagerindicator.sample.SampleUnderlinesNoFade
ADDED from src\main\AndroidManifest.xml:255:9-262:20
	android:label
		ADDED from src\main\AndroidManifest.xml:257:17-51
	android:name
		ADDED from src\main\AndroidManifest.xml:256:17-55
activity#com.viewpagerindicator.sample.SampleUnderlinesStyledLayout
ADDED from src\main\AndroidManifest.xml:263:9-271:20
	android:label
		ADDED from src\main\AndroidManifest.xml:265:17-63
	android:theme
		ADDED from src\main\AndroidManifest.xml:266:17-59
	android:name
		ADDED from src\main\AndroidManifest.xml:264:17-61
activity#com.viewpagerindicator.sample.SampleUnderlinesStyledMethods
ADDED from src\main\AndroidManifest.xml:272:9-280:20
	android:label
		ADDED from src\main\AndroidManifest.xml:274:17-64
	android:theme
		ADDED from src\main\AndroidManifest.xml:275:17-59
	android:name
		ADDED from src\main\AndroidManifest.xml:273:17-62
activity#com.viewpagerindicator.sample.SampleUnderlinesStyledTheme
ADDED from src\main\AndroidManifest.xml:281:9-289:20
	android:label
		ADDED from src\main\AndroidManifest.xml:283:17-62
	android:theme
		ADDED from src\main\AndroidManifest.xml:284:17-56
	android:name
		ADDED from src\main\AndroidManifest.xml:282:17-60
uses-sdk
INJECTED from src\main\AndroidManifest.xml reason: use-sdk injection requested
INJECTED from src\main\AndroidManifest.xml
INJECTED from src\main\AndroidManifest.xml
MERGED from [:library] AndroidManifest.xml:5:5-7:41
MERGED from [:library] AndroidManifest.xml:5:5-7:41
MERGED from [com.android.support:support-v4:28.0.0] AndroidManifest.xml:20:5-44
MERGED from [com.android.support:support-v4:28.0.0] AndroidManifest.xml:20:5-44
MERGED from [com.android.support:support-media-compat:28.0.0] AndroidManifest.xml:20:5-44
MERGED from [com.android.support:support-media-compat:28.0.0] AndroidManifest.xml:20:5-44
MERGED from [com.android.support:support-fragment:28.0.0] AndroidManifest.xml:20:5-44
MERGED from [com.android.support:support-fragment:28.0.0] AndroidManifest.xml:20:5-44
MERGED from [com.android.support:support-core-ui:28.0.0] AndroidManifest.xml:20:5-44
MERGED from [com.android.support:support-core-ui:28.0.0] AndroidManifest.xml:20:5-44
MERGED from [com.android.support:support-core-utils:28.0.0] AndroidManifest.xml:20:5-44
MERGED from [com.android.support:support-core-utils:28.0.0] AndroidManifest.xml:20:5-44
MERGED from [com.android.support:loader:28.0.0] AndroidManifest.xml:20:5-44
MERGED from [com.android.support:loader:28.0.0] AndroidManifest.xml:20:5-44
MERGED from [com.android.support:viewpager:28.0.0] AndroidManifest.xml:20:5-44
MERGED from [com.android.support:viewpager:28.0.0] AndroidManifest.xml:20:5-44
MERGED from [com.android.support:coordinatorlayout:28.0.0] AndroidManifest.xml:20:5-44
MERGED from [com.android.support:coordinatorlayout:28.0.0] AndroidManifest.xml:20:5-44
MERGED from [com.android.support:drawerlayout:28.0.0] AndroidManifest.xml:20:5-44
MERGED from [com.android.support:drawerlayout:28.0.0] AndroidManifest.xml:20:5-44
MERGED from [com.android.support:slidingpanelayout:28.0.0] AndroidManifest.xml:20:5-44
MERGED from [com.android.support:slidingpanelayout:28.0.0] AndroidManifest.xml:20:5-44
MERGED from [com.android.support:customview:28.0.0] AndroidManifest.xml:20:5-44
MERGED from [com.android.support:customview:28.0.0] AndroidManifest.xml:20:5-44
MERGED from [com.android.support:swiperefreshlayout:28.0.0] AndroidManifest.xml:20:5-44
MERGED from [com.android.support:swiperefreshlayout:28.0.0] AndroidManifest.xml:20:5-44
MERGED from [com.android.support:asynclayoutinflater:28.0.0] AndroidManifest.xml:20:5-44
MERGED from [com.android.support:asynclayoutinflater:28.0.0] AndroidManifest.xml:20:5-44
MERGED from [com.android.support:support-compat:28.0.0] AndroidManifest.xml:20:5-44
MERGED from [com.android.support:support-compat:28.0.0] AndroidManifest.xml:20:5-44
MERGED from [com.android.support:versionedparcelable:28.0.0] AndroidManifest.xml:20:5-44
MERGED from [com.android.support:versionedparcelable:28.0.0] AndroidManifest.xml:20:5-44
MERGED from [android.arch.lifecycle:runtime:1.1.1] AndroidManifest.xml:20:5-44
MERGED from [android.arch.lifecycle:runtime:1.1.1] AndroidManifest.xml:20:5-44
MERGED from [com.android.support:documentfile:28.0.0] AndroidManifest.xml:20:5-44
MERGED from [com.android.support:documentfile:28.0.0] AndroidManifest.xml:20:5-44
MERGED from [com.android.support:localbroadcastmanager:28.0.0] AndroidManifest.xml:20:5-44
MERGED from [com.android.support:localbroadcastmanager:28.0.0] AndroidManifest.xml:20:5-44
MERGED from [com.android.support:print:28.0.0] AndroidManifest.xml:20:5-44
MERGED from [com.android.support:print:28.0.0] AndroidManifest.xml:20:5-44
MERGED from [com.android.support:interpolator:28.0.0] AndroidManifest.xml:20:5-44
MERGED from [com.android.support:interpolator:28.0.0] AndroidManifest.xml:20:5-44
MERGED from [com.android.support:cursoradapter:28.0.0] AndroidManifest.xml:20:5-44
MERGED from [com.android.support:cursoradapter:28.0.0] AndroidManifest.xml:20:5-44
MERGED from [android.arch.lifecycle:viewmodel:1.1.1] AndroidManifest.xml:20:5-44
MERGED from [android.arch.lifecycle:viewmodel:1.1.1] AndroidManifest.xml:20:5-44
MERGED from [android.arch.lifecycle:livedata:1.1.1] AndroidManifest.xml:20:5-44
MERGED from [android.arch.lifecycle:livedata:1.1.1] AndroidManifest.xml:20:5-44
MERGED from [android.arch.lifecycle:livedata-core:1.1.1] AndroidManifest.xml:20:5-44
MERGED from [android.arch.lifecycle:livedata-core:1.1.1] AndroidManifest.xml:20:5-44
MERGED from [android.arch.core:runtime:1.1.1] AndroidManifest.xml:20:5-44
MERGED from [android.arch.core:runtime:1.1.1] AndroidManifest.xml:20:5-44
INJECTED from src\main\AndroidManifest.xml
INJECTED from src\main\AndroidManifest.xml
	android:targetSdkVersion
		INJECTED from src\main\AndroidManifest.xml
		ADDED from src\main\AndroidManifest.xml
		INJECTED from src\main\AndroidManifest.xml
	android:minSdkVersion
		INJECTED from src\main\AndroidManifest.xml
		ADDED from src\main\AndroidManifest.xml
		INJECTED from src\main\AndroidManifest.xml